<?xml version="1.0" encoding="UTF-8"?>
<testsuite name="C:/Users/kapil/IdeaProjects/APIAutomationRestAssured"
           tests="2"
           failures="0"
           errors="0"
           skipped="0"
           time="0.004">
    <properties></properties>



            <testcase
                name="demo55"
                time="0.002"
                classname="org.example.testng.TestNG002">
            </testcase>
            <testcase
                name="demo5"
                time="0.002"
                classname="org.example.testng.TestNG002">
            </testcase>
</testsuite>
