<?xml version="1.0" encoding="UTF-8"?>
<testsuite name="APIAutomationRestAssured"
           tests="3"
           failures="0"
           errors="0"
           skipped="0"
           time="5.125">
    <properties></properties>



            <testcase
                name="testGetAllBookingNegative2"
                time="1.075"
                classname="org.example.tests.crud.GET.GETRequestNonBDDTestNG">
            </testcase>
            <testcase
                name="testGetAllBookingPositive"
                time="1.177"
                classname="org.example.tests.crud.GET.GETRequestNonBDDTestNG">
            </testcase>
            <testcase
                name="testGetAllBookingNegative"
                time="2.873"
                classname="org.example.tests.crud.GET.GETRequestNonBDDTestNG">
            </testcase>
</testsuite>
