<?xml version="1.0" encoding="UTF-8"?>
<testsuite name="APIAutomationRestAssured"
           tests="2"
           failures="0"
           errors="0"
           skipped="0"
           time="0.008">
    <properties></properties>



            <testcase
                name="serverStartedOk"
                time="0.007"
                classname="org.example.testng.testmgexamples.TestNG011">
            </testcase>
            <testcase
                name="method1"
                time="0.001"
                classname="org.example.testng.testmgexamples.TestNG011">
            </testcase>
</testsuite>
