<?xml version="1.0" encoding="UTF-8"?>
<testsuite name="APIAutomationRestAssured"
           tests="2"
           failures="0"
           errors="0"
           skipped="0"
           time="0.004">
    <properties></properties>



            <testcase
                name="demo5"
                time="0.003"
                classname="org.example.testng.testmgexamples.TestNG002">
            </testcase>
            <testcase
                name="demo55"
                time="0.001"
                classname="org.example.testng.testmgexamples.TestNG002">
            </testcase>
</testsuite>
