<?xml version="1.0" encoding="UTF-8"?>
<testsuite name="APIAutomationRestAssured"
           tests="3"
           failures="0"
           errors="0"
           skipped="0"
           time="0.008">
    <properties></properties>



            <testcase
                name="testPUTReq2"
                time="0.002"
                classname="org.example.testng.testmgexamples.TestNG004">
            </testcase>
            <testcase
                name="testPUTReq3"
                time="0.002"
                classname="org.example.testng.testmgexamples.TestNG004">
            </testcase>
            <testcase
                name="testPUTRUN"
                time="0.004"
                classname="org.example.testng.testmgexamples.TestNG004">
            </testcase>
</testsuite>
