<?xml version="1.0" encoding="UTF-8"?>
<testsuite name="APIAutomationRestAssured"
           tests="3"
           failures="0"
           errors="0"
           skipped="0"
           time="0.010">
    <properties></properties>



            <testcase
                name="t3"
                time="0.007"
                classname="org.example.testng.testmgexamples.TestNG007">
            </testcase>
            <testcase
                name="t1"
                time="0.001"
                classname="org.example.testng.testmgexamples.TestNG007">
            </testcase>
            <testcase
                name="t2"
                time="0.002"
                classname="org.example.testng.testmgexamples.TestNG007">
            </testcase>
</testsuite>
