<?xml version="1.0" encoding="UTF-8"?>
<testsuite name="C:/Users/kapil/IdeaProjects/APIAutomationRestAssured"
           tests="2"
           failures="0"
           errors="0"
           skipped="0"
           time="0.016">
    <properties></properties>



            <testcase
                name="RegRun"
                time="0.014"
                classname="org.example.testng.testmgexamples.TestNG008">
            </testcase>
            <testcase
                name="sanityRun"
                time="0.002"
                classname="org.example.testng.testmgexamples.TestNG008">
            </testcase>
</testsuite>
