<?xml version="1.0" encoding="UTF-8"?>
<testsuite name="APIAutomationRestAssured"
           tests="2"
           failures="0"
           errors="0"
           skipped="0"
           time="0.006">
    <properties></properties>



            <testcase
                name="testLoginData"
                time="0.001"
                classname="org.example.testng.ddt.DDT01">
            </testcase>
            <testcase
                name="testLoginData"
                time="0.005"
                classname="org.example.testng.ddt.DDT01">
            </testcase>
</testsuite>
