<?xml version="1.0" encoding="UTF-8"?>
<testsuite name="APIAutomationRestAssured"
           tests="2"
           failures="0"
           errors="0"
           skipped="0"
           time="0.006">
    <properties></properties>



            <testcase
                name="testMethodsOne"
                time="0.003"
                classname="org.example.testng.parallel.MainClass">
            </testcase>
            <testcase
                name="testMethodsTwo"
                time="0.003"
                classname="org.example.testng.parallel.MainClass">
            </testcase>
</testsuite>
